  Source.cpp
D:\Facultate\ACC - tema1 - Comparare sortari\ACC - tema1 - Comparare sortari\Source.cpp(110,28): warning C4018: '<': signed/unsigned mismatch
D:\Facultate\ACC - tema1 - Comparare sortari\ACC - tema1 - Comparare sortari\Source.cpp(155,28): warning C4018: '<': signed/unsigned mismatch
D:\Facultate\ACC - tema1 - Comparare sortari\ACC - tema1 - Comparare sortari\Source.cpp(174,28): warning C4018: '<': signed/unsigned mismatch
D:\Facultate\ACC - tema1 - Comparare sortari\ACC - tema1 - Comparare sortari\Source.cpp(193,12): warning C4244: 'argument': conversion from 'time_t' to 'unsigned int', possible loss of data
D:\Facultate\ACC - tema1 - Comparare sortari\ACC - tema1 - Comparare sortari\Source.cpp(724,28): warning C4018: '<': signed/unsigned mismatch
C:\Program Files (x86)\Microsoft Visual Studio\2019\Community\VC\Tools\MSVC\14.24.28314\include\xmemory(671,82): warning C4244: 'initializing': conversion from '_Ty' to '_Objty', possible loss of data
          with
          [
              _Ty=__int64
          ]
          and
          [
              _Objty=int
          ]
C:\Program Files (x86)\Microsoft Visual Studio\2019\Community\VC\Tools\MSVC\14.24.28314\include\vector(683): message : see reference to function template instantiation 'void std::_Default_allocator_traits<_Alloc>::construct<_Ty,__int64>(_Alloc &,_Objty *const ,__int64 &&)' being compiled
          with
          [
              _Alloc=std::allocator<int>,
              _Ty=int,
              _Objty=int
          ]
C:\Program Files (x86)\Microsoft Visual Studio\2019\Community\VC\Tools\MSVC\14.24.28314\include\vector(688): message : see reference to function template instantiation 'void std::_Default_allocator_traits<_Alloc>::construct<_Ty,__int64>(_Alloc &,_Objty *const ,__int64 &&)' being compiled
          with
          [
              _Alloc=std::allocator<int>,
              _Ty=int,
              _Objty=int
          ]
C:\Program Files (x86)\Microsoft Visual Studio\2019\Community\VC\Tools\MSVC\14.24.28314\include\vector(701): message : see reference to function template instantiation 'void std::vector<int,std::allocator<int>>::_Emplace_back_with_unused_capacity<_Ty>(_Ty &&)' being compiled
          with
          [
              _Ty=__int64
          ]
D:\Facultate\ACC - tema1 - Comparare sortari\ACC - tema1 - Comparare sortari\Source.cpp(636): message : see reference to function template instantiation 'void std::vector<int,std::allocator<int>>::emplace_back<_Rep>(_Rep &&)' being compiled
          with
          [
              _Rep=__int64
          ]
C:\Program Files (x86)\Microsoft Visual Studio\2019\Community\VC\Tools\MSVC\14.24.28314\include\chrono(632): message : see reference to class template instantiation 'std::chrono::duration<double,std::ratio<1,1>>' being compiled
C:\Program Files (x86)\Microsoft Visual Studio\2019\Community\VC\Tools\MSVC\14.24.28314\include\chrono(178): message : see reference to class template instantiation 'std::chrono::duration<__int64,std::nano>' being compiled
C:\Program Files (x86)\Microsoft Visual Studio\2019\Community\VC\Tools\MSVC\14.24.28314\include\chrono(610): message : see reference to class template instantiation 'std::chrono::time_point<std::chrono::steady_clock,std::chrono::nanoseconds>' being compiled
  ACC - tema1 - Comparare sortari.vcxproj -> D:\Facultate\ACC - tema1 - Comparare sortari\Debug\ACC - tema1 - Comparare sortari.exe
